2025-05-11 01:40:05,345 - __main__ - INFO - ===== ุจุฏุก ุชูููุฐ ุนูููุฉ ุงูุชูููุน ุงูุฅูุฒุงูู =====
2025-05-11 01:40:05,347 - __main__ - INFO - โ ุชู ุฅูุดุงุก ูุณุฎุฉ ุงุญุชูุงุทูุฉ: active_trades.json.backup.1746927605
2025-05-11 01:40:05,347 - __main__ - INFO - โถ๏ธ ุชุดุบูู ุจุฑูุงูุฌ enforce_diversity.py...
2025-05-11 01:40:05,521 - __main__ - INFO - โ ุชู ุชูููุฐ enforce_diversity.py ุจูุฌุงุญ: == ุฃุฏุงุฉ ุฅุตูุงุญ ุชูููุน ุงูุตููุงุช ==
ูุนุงูุฌุฉ ุฌููุน ุงูุนููุงุช...
โ ุชู ุชูููุฐ ุงูุชูููุน ุงูุฅูุฒุงูู ููุตููุงุช ุจูุฌุงุญ

2025-05-11 01:40:05,523 - __main__ - INFO - โถ๏ธ ุชุดุบูู ุจุฑูุงูุฌ force_fix.py...
2025-05-11 01:40:05,736 - __main__ - INFO - โ ุชู ุชูููุฐ force_fix.py ุจูุฌุงุญ: ==== ุฃุฏุงุฉ ุงูุฅุตูุงุญ ุงูุญุงุณู ููุตููุงุช ุงูููุฑุฑุฉ ====
ุฅุฌูุงูู ุงูุตููุงุช: 35
ุงูุตููุงุช ุงูููุชูุญุฉ: 1
ุงูุนููุงุช ุงููุฑูุฏุฉ ุงูููุชูุญุฉ: ['XRPUSDT']
ุงูุตููุงุช ุงูููุชูุญุฉ ุจุนุฏ ุงูุฅุตูุงุญ: 1
ุงูุนููุงุช ุงููุฑูุฏุฉ ุงูููุชูุญุฉ ุจุนุฏ ุงูุฅุตูุงุญ: ['XRPUSDT']
โ ุชู ุฅุตูุงุญ ุงูุตููุงุช ุงูููุฑุฑุฉ ุจูุฌุงุญ

2025-05-11 01:40:05,944 - __main__ - INFO - โ ุชู ุฅูุบุงุก ููู ุงูููู ุจูุฌุงุญ
2025-05-11 01:40:05,946 - __main__ - INFO - ๐ ุงูุฅุญุตุงุฆูุงุช ุงูููุงุฆูุฉ:
2025-05-11 01:40:05,946 - __main__ - INFO -    - ุงูุตููุงุช ุงูููุชูุญุฉ: 1
2025-05-11 01:40:05,952 - __main__ - INFO -    - ุงูุนููุงุช ุงููุฑูุฏุฉ: 1
2025-05-11 01:40:05,952 - __main__ - INFO -    - ูุงุฆูุฉ ุงูุนููุงุช: {'XRPUSDT'}
2025-05-11 01:40:05,953 - __main__ - INFO - โ ูุง ุชูุฌุฏ ุตููุงุช ููุฑุฑุฉ - ุงูุชูููุน ูุทุจู ุจูุฌุงุญ!
2025-05-11 01:40:05,953 - __main__ - INFO - ===== ุงูุชูุงุก ุนูููุฉ ุงูุชูููุน ุงูุฅูุฒุงูู =====
